<?xml version="1.0" encoding="UTF-8"?>
<testsuite name="com.opencredo.demo.hateoas.api.BookControllerTest" time="2.697" tests="9" errors="4" skipped="0" failures="0">
  <properties>
[...]
</properties>
  <testcase name="canTraverseOneOfBookAuthorLinks" classname="com.opencredo.demo.hateoas.api.BookControllerTest" time="0.417">
    <error message="Unexpected exception, expected&lt;java.lang.AssertionError&gt; but was&lt;org.springframework.web.client.HttpClientErrorException&gt;" type="java.lang.Exception"><![CDATA[java.lang.Exception: Unexpected exception, expected<java.lang.AssertionError> but was<org.springframework.web.client.HttpClientErrorException>
	at org.springframework.web.client.DefaultResponseErrorHandler.handleError(DefaultResponseErrorHandler.java:91)
	at org.springframework.web.client.RestTemplate.handleResponse(RestTemplate.java:614)
	at org.springframework.web.client.RestTemplate.doExecute(RestTemplate.java:570)
	at org.springframework.web.client.RestTemplate.execute(RestTemplate.java:545)
	at org.springframework.web.client.RestTemplate.exchange(RestTemplate.java:466)
	at org.springframework.hateoas.client.Traverson$TraversalBuilder.getAndFindLinkWithRel(Traverson.java:315)
	at org.springframework.hateoas.client.Traverson$TraversalBuilder.traverseToFinalUrl(Traverson.java:302)
	at org.springframework.hateoas.client.Traverson$TraversalBuilder.toObject(Traverson.java:257)
	at com.opencredo.demo.hateoas.api.BookControllerTest.canTraverseOneOfBookAuthorLinks(BookControllerTest.java:108)
]]></error>
    <system-out><![CDATA[2017-08-01 15:51:39,208 24841 INFO  o.s.b.c.e.AnnotationConfigEmbeddedWebApplicationContext - Closing org.springframework.boot.context.embedded.AnnotationConfigEmbeddedWebApplicationContext@7cc0cdad: startup date [Tue Aug 01 15:51:16 CEST 2017]; root of context hierarchy
2017-08-01 15:51:39,227 24860 INFO  o.s.s.c.ThreadPoolTaskExecutor - Shutting down ExecutorService 'metricsExecutor'
2017-08-01 15:51:39,235 24868 INFO  o.s.o.j.LocalContainerEntityManagerFactoryBean - Closing JPA EntityManagerFactory for persistence unit 'default'
2017-08-01 15:51:39,356 24989 INFO  o.s.b.t.WebAppIntegrationTestContextBootstrapper - Loaded default TestExecutionListener class names from location [META-INF/spring.factories]: [org.springframework.test.context.web.ServletTestExecutionListener, org.springframework.test.context.support.DependencyInjectionTestExecutionListener, org.springframework.test.context.support.DirtiesContextTestExecutionListener, org.springframework.test.context.transaction.TransactionalTestExecutionListener, org.springframework.test.context.jdbc.SqlScriptsTestExecutionListener]
2017-08-01 15:51:39,357 24990 INFO  o.s.b.t.WebAppIntegrationTestContextBootstrapper - Using TestExecutionListeners: [org.springframework.test.context.web.ServletTestExecutionListener@5d71b500, org.springframework.test.context.support.DependencyInjectionTestExecutionListener@8840c98, org.springframework.test.context.support.DirtiesContextTestExecutionListener@626b639e, org.springframework.test.context.transaction.TransactionalTestExecutionListener@273fa9e, org.springframework.test.context.jdbc.SqlScriptsTestExecutionListener@527a8665]

  .   ____          _            __ _ _
 /\\ / ___'_ __ _ _(_)_ __  __ _ \ \ \ \
( ( )\___ | '_ | '_| | '_ \/ _` | \ \ \ \
 \\/  ___)| |_)| | | | | || (_| |  ) ) ) )
  '  |____| .__|_| |_|_| |_\__, | / / / /
 =========|_|==============|___/=/_/_/_/
 :: Spring Boot ::        (v1.2.6.RELEASE)

2017-08-01 15:51:39,618 25251 INFO  c.o.d.h.api.BookControllerTest - Starting BookControllerTest on MBCL26001574 with PID 9684 (C:\Users\toss\dev\spring-hateoas-sample\target\test-classes started by TOSS in C:\Users\toss\dev\spring-hateoas-sample)
2017-08-01 15:51:39,624 25257 INFO  o.s.b.c.e.AnnotationConfigEmbeddedWebApplicationContext - Refreshing org.springframework.boot.context.embedded.AnnotationConfigEmbeddedWebApplicationContext@4966bab1: startup date [Tue Aug 01 15:51:39 CEST 2017]; root of context hierarchy
2017-08-01 15:51:40,931 26564 INFO  o.s.b.f.s.DefaultListableBeanFactory - Overriding bean definition for bean 'beanNameViewResolver': replacing [Root bean: class [null]; scope=; abstract=false; lazyInit=false; autowireMode=3; dependencyCheck=0; autowireCandidate=true; primary=false; factoryBeanName=org.springframework.boot.autoconfigure.web.ErrorMvcAutoConfiguration$WhitelabelErrorViewConfiguration; factoryMethodName=beanNameViewResolver; initMethodName=null; destroyMethodName=(inferred); defined in class path resource [org/springframework/boot/autoconfigure/web/ErrorMvcAutoConfiguration$WhitelabelErrorViewConfiguration.class]] with [Root bean: class [null]; scope=; abstract=false; lazyInit=false; autowireMode=3; dependencyCheck=0; autowireCandidate=true; primary=false; factoryBeanName=org.springframework.boot.autoconfigure.web.WebMvcAutoConfiguration$WebMvcAutoConfigurationAdapter; factoryMethodName=beanNameViewResolver; initMethodName=null; destroyMethodName=(inferred); defined in class path resource [org/springframework/boot/autoconfigure/web/WebMvcAutoConfiguration$WebMvcAutoConfigurationAdapter.class]]
2017-08-01 15:51:40,957 26590 INFO  o.s.b.f.s.DefaultListableBeanFactory - Overriding bean definition for bean 'ignoredPathsWebSecurityConfigurerAdapter': replacing [Root bean: class [null]; scope=; abstract=false; lazyInit=false; autowireMode=3; dependencyCheck=0; autowireCandidate=true; primary=false; factoryBeanName=org.springframework.boot.autoconfigure.security.SpringBootWebSecurityConfiguration; factoryMethodName=ignoredPathsWebSecurityConfigurerAdapter; initMethodName=null; destroyMethodName=(inferred); defined in class path resource [org/springframework/boot/autoconfigure/security/SpringBootWebSecurityConfiguration.class]] with [Root bean: class [null]; scope=; abstract=false; lazyInit=false; autowireMode=3; dependencyCheck=0; autowireCandidate=true; primary=false; factoryBeanName=org.springframework.boot.actuate.autoconfigure.ManagementSecurityAutoConfiguration; factoryMethodName=ignoredPathsWebSecurityConfigurerAdapter; initMethodName=null; destroyMethodName=(inferred); defined in class path resource [org/springframework/boot/actuate/autoconfigure/ManagementSecurityAutoConfiguration.class]]
2017-08-01 15:51:41,385 27018 INFO  o.s.b.f.s.DefaultListableBeanFactory - Overriding bean definition for bean 'entityLinksPluginRegistry': replacing [Root bean: class [org.springframework.plugin.core.support.PluginRegistryFactoryBean]; scope=; abstract=false; lazyInit=false; autowireMode=0; dependencyCheck=0; autowireCandidate=true; primary=false; factoryBeanName=null; factoryMethodName=null; initMethodName=null; destroyMethodName=null] with [Root bean: class [org.springframework.plugin.core.support.PluginRegistryFactoryBean]; scope=; abstract=false; lazyInit=false; autowireMode=0; dependencyCheck=0; autowireCandidate=true; primary=false; factoryBeanName=null; factoryMethodName=null; initMethodName=null; destroyMethodName=null]
2017-08-01 15:51:41,386 27019 INFO  o.s.b.f.s.DefaultListableBeanFactory - Overriding bean definition for bean 'controllerEntityLinks': replacing [Root bean: class [org.springframework.hateoas.core.ControllerEntityLinksFactoryBean]; scope=; abstract=false; lazyInit=false; autowireMode=0; dependencyCheck=0; autowireCandidate=true; primary=false; factoryBeanName=null; factoryMethodName=null; initMethodName=null; destroyMethodName=null] with [Root bean: class [org.springframework.hateoas.core.ControllerEntityLinksFactoryBean]; scope=; abstract=false; lazyInit=false; autowireMode=0; dependencyCheck=0; autowireCandidate=true; primary=false; factoryBeanName=null; factoryMethodName=null; initMethodName=null; destroyMethodName=null]
2017-08-01 15:51:41,388 27021 INFO  o.s.b.f.s.DefaultListableBeanFactory - Overriding bean definition for bean 'delegatingEntityLinks': replacing [Root bean: class [org.springframework.hateoas.core.DelegatingEntityLinks]; scope=; abstract=false; lazyInit=false; autowireMode=0; dependencyCheck=0; autowireCandidate=true; primary=true; factoryBeanName=null; factoryMethodName=null; initMethodName=null; destroyMethodName=null] with [Root bean: class [org.springframework.hateoas.core.DelegatingEntityLinks]; scope=; abstract=false; lazyInit=false; autowireMode=0; dependencyCheck=0; autowireCandidate=true; primary=true; factoryBeanName=null; factoryMethodName=null; initMethodName=null; destroyMethodName=null]
2017-08-01 15:51:41,392 27025 INFO  o.s.b.f.s.DefaultListableBeanFactory - Overriding bean definition for bean '_halObjectMapper': replacing [Root bean: class [com.fasterxml.jackson.databind.ObjectMapper]; scope=; abstract=false; lazyInit=false; autowireMode=0; dependencyCheck=0; autowireCandidate=true; primary=false; factoryBeanName=null; factoryMethodName=null; initMethodName=null; destroyMethodName=null] with [Root bean: class [com.fasterxml.jackson.databind.ObjectMapper]; scope=; abstract=false; lazyInit=false; autowireMode=0; dependencyCheck=0; autowireCandidate=true; primary=false; factoryBeanName=null; factoryMethodName=null; initMethodName=null; destroyMethodName=null]
2017-08-01 15:51:41,393 27026 INFO  o.s.b.f.s.DefaultListableBeanFactory - Overriding bean definition for bean '_linkDiscovererRegistry': replacing [Root bean: class [org.springframework.plugin.core.support.PluginRegistryFactoryBean]; scope=; abstract=false; lazyInit=false; autowireMode=0; dependencyCheck=0; autowireCandidate=true; primary=false; factoryBeanName=null; factoryMethodName=null; initMethodName=null; destroyMethodName=null] with [Root bean: class [org.springframework.plugin.core.support.PluginRegistryFactoryBean]; scope=; abstract=false; lazyInit=false; autowireMode=0; dependencyCheck=0; autowireCandidate=true; primary=false; factoryBeanName=null; factoryMethodName=null; initMethodName=null; destroyMethodName=null]
2017-08-01 15:51:41,394 27027 INFO  o.s.b.f.s.DefaultListableBeanFactory - Overriding bean definition for bean 'defaultRelProvider': replacing [Root bean: class [org.springframework.hateoas.core.EvoInflectorRelProvider]; scope=; abstract=false; lazyInit=false; autowireMode=0; dependencyCheck=0; autowireCandidate=true; primary=false; factoryBeanName=null; factoryMethodName=null; initMethodName=null; destroyMethodName=null] with [Root bean: class [org.springframework.hateoas.core.EvoInflectorRelProvider]; scope=; abstract=false; lazyInit=false; autowireMode=0; dependencyCheck=0; autowireCandidate=true; primary=false; factoryBeanName=null; factoryMethodName=null; initMethodName=null; destroyMethodName=null]
2017-08-01 15:51:41,394 27027 INFO  o.s.b.f.s.DefaultListableBeanFactory - Overriding bean definition for bean 'annotationRelProvider': replacing [Root bean: class [org.springframework.hateoas.core.AnnotationRelProvider]; scope=; abstract=false; lazyInit=false; autowireMode=0; dependencyCheck=0; autowireCandidate=true; primary=false; factoryBeanName=null; factoryMethodName=null; initMethodName=null; destroyMethodName=null] with [Root bean: class [org.springframework.hateoas.core.AnnotationRelProvider]; scope=; abstract=false; lazyInit=false; autowireMode=0; dependencyCheck=0; autowireCandidate=true; primary=false; factoryBeanName=null; factoryMethodName=null; initMethodName=null; destroyMethodName=null]
2017-08-01 15:51:41,395 27028 INFO  o.s.b.f.s.DefaultListableBeanFactory - Overriding bean definition for bean 'relProviderPluginRegistry': replacing [Root bean: class [org.springframework.plugin.core.support.PluginRegistryFactoryBean]; scope=; abstract=false; lazyInit=false; autowireMode=0; dependencyCheck=0; autowireCandidate=true; primary=false; factoryBeanName=null; factoryMethodName=null; initMethodName=null; destroyMethodName=null] with [Root bean: class [org.springframework.plugin.core.support.PluginRegistryFactoryBean]; scope=; abstract=false; lazyInit=false; autowireMode=0; dependencyCheck=0; autowireCandidate=true; primary=false; factoryBeanName=null; factoryMethodName=null; initMethodName=null; destroyMethodName=null]
2017-08-01 15:51:41,404 27037 INFO  o.s.b.f.s.DefaultListableBeanFactory - Overriding bean definition for bean '_relProvider': replacing [Root bean: class [org.springframework.hateoas.core.DelegatingRelProvider]; scope=; abstract=false; lazyInit=false; autowireMode=0; dependencyCheck=0; autowireCandidate=true; primary=true; factoryBeanName=null; factoryMethodName=null; initMethodName=null; destroyMethodName=null] with [Root bean: class [org.springframework.hateoas.core.DelegatingRelProvider]; scope=; abstract=false; lazyInit=false; autowireMode=0; dependencyCheck=0; autowireCandidate=true; primary=true; factoryBeanName=null; factoryMethodName=null; initMethodName=null; destroyMethodName=null]
2017-08-01 15:51:41,697 27330 INFO  o.s.c.s.PostProcessorRegistrationDelegate$BeanPostProcessorChecker - Bean 'org.springframework.transaction.annotation.ProxyTransactionManagementConfiguration' of type [class org.springframework.transaction.annotation.ProxyTransactionManagementConfiguration$$EnhancerBySpringCGLIB$$9a5f30e6] is not eligible for getting processed by all BeanPostProcessors (for example: not eligible for auto-proxying)
2017-08-01 15:51:41,699 27332 INFO  o.s.c.s.PostProcessorRegistrationDelegate$BeanPostProcessorChecker - Bean 'transactionAttributeSource' of type [class org.springframework.transaction.annotation.AnnotationTransactionAttributeSource] is not eligible for getting processed by all BeanPostProcessors (for example: not eligible for auto-proxying)
2017-08-01 15:51:41,701 27334 INFO  o.s.c.s.PostProcessorRegistrationDelegate$BeanPostProcessorChecker - Bean 'transactionInterceptor' of type [class org.springframework.transaction.interceptor.TransactionInterceptor] is not eligible for getting processed by all BeanPostProcessors (for example: not eligible for auto-proxying)
2017-08-01 15:51:41,702 27335 INFO  o.s.c.s.PostProcessorRegistrationDelegate$BeanPostProcessorChecker - Bean 'org.springframework.transaction.config.internalTransactionAdvisor' of type [class org.springframework.transaction.interceptor.BeanFactoryTransactionAttributeSourceAdvisor] is not eligible for getting processed by all BeanPostProcessors (for example: not eligible for auto-proxying)
2017-08-01 15:51:41,882 27515 INFO  o.s.b.c.e.t.TomcatEmbeddedServletContainer - Tomcat initialized with port(s): 8880 (http)
2017-08-01 15:51:41,884 27517 INFO  o.a.catalina.core.StandardService - Starting service Tomcat
2017-08-01 15:51:41,885 27518 INFO  o.a.catalina.core.StandardEngine - Starting Servlet Engine: Apache Tomcat/8.0.26
2017-08-01 15:51:41,938 27571 INFO  o.apache.jasper.servlet.TldScanner - At least one JAR was scanned for TLDs yet contained no TLDs. Enable debug logging for this logger for a complete list of JARs that were scanned but no TLDs were found in them. Skipping unneeded JARs during scanning can improve startup time and JSP compilation time.
2017-08-01 15:51:41,941 27574 INFO  o.a.c.c.C.[.[localhost].[/matrix] - Initializing Spring embedded WebApplicationContext
2017-08-01 15:51:41,943 27576 INFO  o.s.web.context.ContextLoader - Root WebApplicationContext: initialization completed in 2319 ms
2017-08-01 15:51:42,953 28586 INFO  com.open.demo.hateoas.Application - Using external database
2017-08-01 15:51:43,254 28887 INFO  o.s.o.j.LocalContainerEntityManagerFactoryBean - Building JPA container EntityManagerFactory for persistence unit 'default'
2017-08-01 15:51:43,324 28957 WARN  o.a.t.jdbc.pool.PooledConnection - Not loading a JDBC driver as driverClassName property is null.
2017-08-01 15:51:43,346 28979 WARN  o.a.t.jdbc.pool.PooledConnection - Not loading a JDBC driver as driverClassName property is null.
2017-08-01 15:51:43,375 29008 WARN  o.a.t.jdbc.pool.PooledConnection - Not loading a JDBC driver as driverClassName property is null.
2017-08-01 15:51:43,393 29026 WARN  o.a.t.jdbc.pool.PooledConnection - Not loading a JDBC driver as driverClassName property is null.
2017-08-01 15:51:43,408 29041 WARN  o.a.t.jdbc.pool.PooledConnection - Not loading a JDBC driver as driverClassName property is null.
2017-08-01 15:51:43,424 29057 WARN  o.a.t.jdbc.pool.PooledConnection - Not loading a JDBC driver as driverClassName property is null.
2017-08-01 15:51:43,446 29079 WARN  o.a.t.jdbc.pool.PooledConnection - Not loading a JDBC driver as driverClassName property is null.
2017-08-01 15:51:43,462 29095 WARN  o.a.t.jdbc.pool.PooledConnection - Not loading a JDBC driver as driverClassName property is null.
2017-08-01 15:51:43,483 29116 WARN  o.a.t.jdbc.pool.PooledConnection - Not loading a JDBC driver as driverClassName property is null.
2017-08-01 15:51:43,497 29130 WARN  o.a.t.jdbc.pool.PooledConnection - Not loading a JDBC driver as driverClassName property is null.
2017-08-01 15:51:44,782 30415 INFO  o.s.b.a.e.m.EndpointHandlerMapping - Mapped "{[/configprops],methods=[GET]}" onto public java.lang.Object org.springframework.boot.actuate.endpoint.mvc.EndpointMvcAdapter.invoke()
2017-08-01 15:51:44,782 30415 INFO  o.s.b.a.e.m.EndpointHandlerMapping - Mapped "{[/dump],methods=[GET]}" onto public java.lang.Object org.springframework.boot.actuate.endpoint.mvc.EndpointMvcAdapter.invoke()
2017-08-01 15:51:44,783 30416 INFO  o.s.b.a.e.m.EndpointHandlerMapping - Mapped "{[/metrics/{name:.*}],methods=[GET]}" onto public java.lang.Object org.springframework.boot.actuate.endpoint.mvc.MetricsMvcEndpoint.value(java.lang.String)
2017-08-01 15:51:44,784 30417 INFO  o.s.b.a.e.m.EndpointHandlerMapping - Mapped "{[/metrics],methods=[GET]}" onto public java.lang.Object org.springframework.boot.actuate.endpoint.mvc.EndpointMvcAdapter.invoke()
2017-08-01 15:51:44,784 30417 INFO  o.s.b.a.e.m.EndpointHandlerMapping - Mapped "{[/autoconfig],methods=[GET]}" onto public java.lang.Object org.springframework.boot.actuate.endpoint.mvc.EndpointMvcAdapter.invoke()
2017-08-01 15:51:44,785 30418 INFO  o.s.b.a.e.m.EndpointHandlerMapping - Mapped "{[/health]}" onto public java.lang.Object org.springframework.boot.actuate.endpoint.mvc.HealthMvcEndpoint.invoke(java.security.Principal)
2017-08-01 15:51:44,786 30419 INFO  o.s.b.a.e.m.EndpointHandlerMapping - Mapped "{[/env/{name:.*}],methods=[GET]}" onto public java.lang.Object org.springframework.boot.actuate.endpoint.mvc.EnvironmentMvcEndpoint.value(java.lang.String)
2017-08-01 15:51:44,786 30419 INFO  o.s.b.a.e.m.EndpointHandlerMapping - Mapped "{[/env],methods=[GET]}" onto public java.lang.Object org.springframework.boot.actuate.endpoint.mvc.EndpointMvcAdapter.invoke()
2017-08-01 15:51:44,786 30419 INFO  o.s.b.a.e.m.EndpointHandlerMapping - Mapped "{[/beans],methods=[GET]}" onto public java.lang.Object org.springframework.boot.actuate.endpoint.mvc.EndpointMvcAdapter.invoke()
2017-08-01 15:51:44,787 30420 INFO  o.s.b.a.e.m.EndpointHandlerMapping - Mapped "{[/trace],methods=[GET]}" onto public java.lang.Object org.springframework.boot.actuate.endpoint.mvc.EndpointMvcAdapter.invoke()
2017-08-01 15:51:44,787 30420 INFO  o.s.b.a.e.m.EndpointHandlerMapping - Mapped "{[/mappings],methods=[GET]}" onto public java.lang.Object org.springframework.boot.actuate.endpoint.mvc.EndpointMvcAdapter.invoke()
2017-08-01 15:51:44,788 30421 INFO  o.s.b.a.e.m.EndpointHandlerMapping - Mapped "{[/info],methods=[GET]}" onto public java.lang.Object org.springframework.boot.actuate.endpoint.mvc.EndpointMvcAdapter.invoke()
2017-08-01 15:51:44,963 30596 INFO  o.s.b.a.s.AuthenticationManagerConfiguration - 

Using default security password: 62ab9219-f614-4696-b9e1-cf5043caa357

2017-08-01 15:51:44,983 30616 INFO  o.s.s.w.DefaultSecurityFilterChain - Creating filter chain: Ant [pattern='/css/**'], []
2017-08-01 15:51:44,985 30618 INFO  o.s.s.w.DefaultSecurityFilterChain - Creating filter chain: Ant [pattern='/js/**'], []
2017-08-01 15:51:44,986 30619 INFO  o.s.s.w.DefaultSecurityFilterChain - Creating filter chain: Ant [pattern='/images/**'], []
2017-08-01 15:51:44,987 30620 INFO  o.s.s.w.DefaultSecurityFilterChain - Creating filter chain: Ant [pattern='/**/favicon.ico'], []
2017-08-01 15:51:44,989 30622 INFO  o.s.s.w.DefaultSecurityFilterChain - Creating filter chain: Ant [pattern='/error'], []
2017-08-01 15:51:45,010 30643 INFO  o.s.s.w.DefaultSecurityFilterChain - Creating filter chain: OrRequestMatcher [requestMatchers=[Ant [pattern='/health'], Ant [pattern='/health/**'], Ant [pattern='/health.*'], Ant [pattern='/info'], Ant [pattern='/info/**'], Ant [pattern='/info.*'], Ant [pattern='/configprops'], Ant [pattern='/configprops/**'], Ant [pattern='/configprops.*'], Ant [pattern='/dump'], Ant [pattern='/dump/**'], Ant [pattern='/dump.*'], Ant [pattern='/metrics'], Ant [pattern='/metrics/**'], Ant [pattern='/metrics.*'], Ant [pattern='/autoconfig'], Ant [pattern='/autoconfig/**'], Ant [pattern='/autoconfig.*'], Ant [pattern='/env'], Ant [pattern='/env/**'], Ant [pattern='/env.*'], Ant [pattern='/beans'], Ant [pattern='/beans/**'], Ant [pattern='/beans.*'], Ant [pattern='/trace'], Ant [pattern='/trace/**'], Ant [pattern='/trace.*'], Ant [pattern='/mappings'], Ant [pattern='/mappings/**'], Ant [pattern='/mappings.*']]], [org.springframework.security.web.context.request.async.WebAsyncManagerIntegrationFilter@7731e1b5, org.springframework.security.web.context.SecurityContextPersistenceFilter@2cc0751e, org.springframework.security.web.header.HeaderWriterFilter@61a70bc1, org.springframework.security.web.authentication.logout.LogoutFilter@4657161d, org.springframework.security.web.authentication.www.BasicAuthenticationFilter@5bc684e1, org.springframework.security.web.savedrequest.RequestCacheAwareFilter@234117dc, org.springframework.security.web.servletapi.SecurityContextHolderAwareRequestFilter@7a61e976, org.springframework.security.web.authentication.AnonymousAuthenticationFilter@33cb4409, org.springframework.security.web.session.SessionManagementFilter@8f61d62, org.springframework.security.web.access.ExceptionTranslationFilter@34076123, org.springframework.security.web.access.intercept.FilterSecurityInterceptor@45e1c25a]
2017-08-01 15:51:45,025 30658 INFO  o.s.s.w.DefaultSecurityFilterChain - Creating filter chain: OrRequestMatcher [requestMatchers=[Ant [pattern='/**']]], [org.springframework.security.web.context.request.async.WebAsyncManagerIntegrationFilter@7ed44284, org.springframework.security.web.context.SecurityContextPersistenceFilter@2149689e, org.springframework.security.web.header.HeaderWriterFilter@3893497b, org.springframework.security.web.authentication.logout.LogoutFilter@20e1938c, org.springframework.security.web.authentication.www.BasicAuthenticationFilter@4a860296, org.springframework.security.web.savedrequest.RequestCacheAwareFilter@6a80c992, org.springframework.security.web.servletapi.SecurityContextHolderAwareRequestFilter@48fa8d28, org.springframework.security.web.authentication.AnonymousAuthenticationFilter@a2861d6, org.springframework.security.web.session.SessionManagementFilter@64918c4f, org.springframework.security.web.access.ExceptionTranslationFilter@1a3a3702, org.springframework.security.web.access.intercept.FilterSecurityInterceptor@6c106ffd]
2017-08-01 15:51:45,110 30743 INFO  o.s.s.c.ThreadPoolTaskExecutor - Initializing ExecutorService  'metricsExecutor'
2017-08-01 15:51:45,342 30975 INFO  o.s.b.c.e.FilterRegistrationBean - Mapping filter: 'CORSFilter' to: [/*]
2017-08-01 15:51:45,342 30975 INFO  o.s.b.c.e.FilterRegistrationBean - Mapping filter: 'metricFilter' to: [/*]
2017-08-01 15:51:45,342 30975 INFO  o.s.b.c.e.FilterRegistrationBean - Mapping filter: 'characterEncodingFilter' to: [/*]
2017-08-01 15:51:45,343 30976 INFO  o.s.b.c.e.FilterRegistrationBean - Mapping filter: 'hiddenHttpMethodFilter' to: [/*]
2017-08-01 15:51:45,343 30976 INFO  o.s.b.c.e.FilterRegistrationBean - Mapping filter: 'springSecurityFilterChain' to: [/*]
2017-08-01 15:51:45,343 30976 INFO  o.s.b.c.e.FilterRegistrationBean - Mapping filter: 'webRequestLoggingFilter' to: [/*]
2017-08-01 15:51:45,343 30976 INFO  o.s.b.c.e.FilterRegistrationBean - Mapping filter: 'shallowEtagHeaderFilter' to: [/*]
2017-08-01 15:51:45,343 30976 INFO  o.s.b.c.e.FilterRegistrationBean - Mapping filter: 'applicationContextIdFilter' to: [/*]
2017-08-01 15:51:45,344 30977 INFO  o.s.b.c.e.ServletRegistrationBean - Mapping servlet: 'dispatcherServlet' to [/]
2017-08-01 15:51:45,348 30981 DEBUG c.open.demo.hateoas.api.CORSFilter - Initializing filter 'CORSFilter'
2017-08-01 15:51:45,348 30981 DEBUG c.open.demo.hateoas.api.CORSFilter - Filter 'CORSFilter' configured successfully
2017-08-01 15:51:45,520 31153 INFO  o.s.b.f.c.PropertiesFactoryBean - Loading properties file from class path resource [rest-default-messages.properties]
2017-08-01 15:51:45,565 31198 INFO  o.s.w.s.m.m.a.RequestMappingHandlerAdapter - Looking for @ControllerAdvice: org.springframework.boot.context.embedded.AnnotationConfigEmbeddedWebApplicationContext@4966bab1: startup date [Tue Aug 01 15:51:39 CEST 2017]; root of context hierarchy
2017-08-01 15:51:45,578 31211 INFO  o.s.w.s.m.m.a.RequestMappingHandlerMapping - Mapped "{[/authors/{author_handle}],methods=[GET],produces=[application/json]}" onto public org.springframework.http.ResponseEntity<com.open.demo.hateoas.api.resources.AuthorResource> com.open.demo.hateoas.api.AuthorController.showAuthor(java.lang.String)
2017-08-01 15:51:45,579 31212 INFO  o.s.w.s.m.m.a.RequestMappingHandlerMapping - Mapped "{[/authors],methods=[GET],produces=[application/json]}" onto public org.springframework.http.ResponseEntity<org.springframework.hateoas.Resources<com.open.demo.hateoas.api.resources.AuthorResource>> com.open.demo.hateoas.api.AuthorController.listAllAuthors()
2017-08-01 15:51:45,579 31212 INFO  o.s.w.s.m.m.a.RequestMappingHandlerMapping - Mapped "{[/authors],methods=[POST],produces=[application/json]}" onto public org.springframework.http.ResponseEntity<java.lang.Void> com.open.demo.hateoas.api.AuthorController.newAuthor(com.open.demo.hateoas.api.resources.NewAuthor)
2017-08-01 15:51:45,580 31213 INFO  o.s.w.s.m.m.a.RequestMappingHandlerMapping - Mapped "{[/books/{isbn}],methods=[GET],produces=[application/json]}" onto public org.springframework.http.ResponseEntity<com.open.demo.hateoas.api.resources.BookResource> com.open.demo.hateoas.api.BookController.showBook(java.lang.String,boolean)
2017-08-01 15:51:45,581 31214 INFO  o.s.w.s.m.m.a.RequestMappingHandlerMapping - Mapped "{[/books],methods=[GET],produces=[application/json]}" onto public org.springframework.http.ResponseEntity<org.springframework.hateoas.Resources<com.open.demo.hateoas.api.resources.BookResource>> com.open.demo.hateoas.api.BookController.listAllBooks()
2017-08-01 15:51:45,582 31215 INFO  o.s.w.s.m.m.a.RequestMappingHandlerMapping - Mapped "{[/books/{isbn}/return-a-copy],methods=[PUT],produces=[application/json]}" onto public org.springframework.http.ResponseEntity<java.lang.Void> com.open.demo.hateoas.api.BookController.returnACopy(java.lang.String)
2017-08-01 15:51:45,582 31215 INFO  o.s.w.s.m.m.a.RequestMappingHandlerMapping - Mapped "{[/books/{isbn}],methods=[DELETE],produces=[application/json]}" onto public org.springframework.http.ResponseEntity<java.lang.Void> com.open.demo.hateoas.api.BookController.deleteBook(java.lang.String)
2017-08-01 15:51:45,625 31258 INFO  o.s.w.s.m.m.a.RequestMappingHandlerMapping - Mapped "{[/books],methods=[POST],produces=[application/json]}" onto public org.springframework.http.ResponseEntity<java.lang.Void> com.open.demo.hateoas.api.BookController.newBook(com.open.demo.hateoas.api.resources.NewBook)
2017-08-01 15:51:45,625 31258 INFO  o.s.w.s.m.m.a.RequestMappingHandlerMapping - Mapped "{[/books/{isbn}/borrow-a-copy],methods=[PUT],produces=[application/json]}" onto public org.springframework.http.ResponseEntity<java.lang.Void> com.open.demo.hateoas.api.BookController.borrowACopy(java.lang.String)
2017-08-01 15:51:45,626 31259 INFO  o.s.w.s.m.m.a.RequestMappingHandlerMapping - Mapped "{[/books/{isbn}/purchase],methods=[PUT],produces=[application/json]}" onto public org.springframework.http.ResponseEntity<java.lang.Void> com.open.demo.hateoas.api.BookController.purchaseBookCopies(java.lang.String,com.open.demo.hateoas.api.resources.BookPurchase)
2017-08-01 15:51:45,635 31268 INFO  o.s.w.s.m.m.a.RequestMappingHandlerMapping - Mapped "{[/],methods=[GET],produces=[application/json]}" onto public org.springframework.http.ResponseEntity<com.open.demo.hateoas.api.resources.IndexResource> com.open.demo.hateoas.api.IndexController.index()
2017-08-01 15:51:45,640 31273 INFO  o.s.w.s.m.m.a.RequestMappingHandlerMapping - Mapped "{[/publishers],methods=[POST],produces=[application/json]}" onto public org.springframework.http.ResponseEntity<java.lang.Void> com.open.demo.hateoas.api.PublisherController.newPublisher(com.open.demo.hateoas.api.resources.NewPublisher)
2017-08-01 15:51:45,641 31274 INFO  o.s.w.s.m.m.a.RequestMappingHandlerMapping - Mapped "{[/publishers/{publisherId}],methods=[GET],produces=[application/json]}" onto public org.springframework.http.ResponseEntity<com.open.demo.hateoas.api.resources.PublisherResource> com.open.demo.hateoas.api.PublisherController.showPublisher(java.lang.String)
2017-08-01 15:51:45,641 31274 INFO  o.s.w.s.m.m.a.RequestMappingHandlerMapping - Mapped "{[/publishers],methods=[GET],produces=[application/json]}" onto public org.springframework.http.ResponseEntity<org.springframework.hateoas.Resources<com.open.demo.hateoas.api.resources.PublisherResource>> com.open.demo.hateoas.api.PublisherController.listAllPublishers()
2017-08-01 15:51:45,642 31275 INFO  o.s.w.s.m.m.a.RequestMappingHandlerMapping - Mapped "{[/publishers/{publisherId}/books],methods=[GET],produces=[application/json]}" onto public org.springframework.http.ResponseEntity<org.springframework.hateoas.Resources<com.open.demo.hateoas.api.resources.BookResource>> com.open.demo.hateoas.api.PublisherController.listAllPublisherBooks(java.lang.String)
2017-08-01 15:51:45,644 31277 INFO  o.s.w.s.m.m.a.RequestMappingHandlerMapping - Mapped "{[/error]}" onto public org.springframework.http.ResponseEntity<java.util.Map<java.lang.String, java.lang.Object>> org.springframework.boot.autoconfigure.web.BasicErrorController.error(javax.servlet.http.HttpServletRequest)
2017-08-01 15:51:45,644 31277 INFO  o.s.w.s.m.m.a.RequestMappingHandlerMapping - Mapped "{[/error],produces=[text/html]}" onto public org.springframework.web.servlet.ModelAndView org.springframework.boot.autoconfigure.web.BasicErrorController.errorHtml(javax.servlet.http.HttpServletRequest)
2017-08-01 15:51:45,670 31303 INFO  o.s.w.s.h.SimpleUrlHandlerMapping - Mapped URL path [/webjars/**] onto handler of type [class org.springframework.web.servlet.resource.ResourceHttpRequestHandler]
2017-08-01 15:51:45,670 31303 INFO  o.s.w.s.h.SimpleUrlHandlerMapping - Mapped URL path [/**] onto handler of type [class org.springframework.web.servlet.resource.ResourceHttpRequestHandler]
2017-08-01 15:51:45,753 31386 INFO  o.s.w.s.h.SimpleUrlHandlerMapping - Mapped URL path [/**/favicon.ico] onto handler of type [class org.springframework.web.servlet.resource.ResourceHttpRequestHandler]
2017-08-01 15:51:45,899 31532 INFO  o.s.d.r.w.RepositoryRestHandlerAdapter - Looking for @ControllerAdvice: org.springframework.boot.context.embedded.AnnotationConfigEmbeddedWebApplicationContext@4966bab1: startup date [Tue Aug 01 15:51:39 CEST 2017]; root of context hierarchy
2017-08-01 15:51:45,912 31545 INFO  o.s.d.r.w.RepositoryRestHandlerMapping - Mapped "{[/{repository}/{id}],methods=[GET]}" onto public org.springframework.http.ResponseEntity<org.springframework.hateoas.Resource<?>> org.springframework.data.rest.webmvc.RepositoryEntityController.getItemResource(org.springframework.data.rest.webmvc.RootResourceInformation,java.io.Serializable,org.springframework.data.rest.webmvc.PersistentEntityResourceAssembler) throws org.springframework.web.HttpRequestMethodNotSupportedException
2017-08-01 15:51:45,913 31546 INFO  o.s.d.r.w.RepositoryRestHandlerMapping - Mapped "{[/{repository}/{id}],methods=[PUT]}" onto public org.springframework.http.ResponseEntity<? extends org.springframework.hateoas.ResourceSupport> org.springframework.data.rest.webmvc.RepositoryEntityController.putItemResource(org.springframework.data.rest.webmvc.RootResourceInformation,org.springframework.data.rest.webmvc.PersistentEntityResource,java.io.Serializable,org.springframework.data.rest.webmvc.PersistentEntityResourceAssembler) throws org.springframework.web.HttpRequestMethodNotSupportedException
2017-08-01 15:51:45,914 31547 INFO  o.s.d.r.w.RepositoryRestHandlerMapping - Mapped "{[/{repository}/{id}],methods=[OPTIONS]}" onto public org.springframework.http.ResponseEntity<?> org.springframework.data.rest.webmvc.RepositoryEntityController.optionsForItemResource(org.springframework.data.rest.webmvc.RootResourceInformation)
2017-08-01 15:51:45,915 31548 INFO  o.s.d.r.w.RepositoryRestHandlerMapping - Mapped "{[/{repository}],methods=[POST]}" onto public org.springframework.http.ResponseEntity<org.springframework.hateoas.ResourceSupport> org.springframework.data.rest.webmvc.RepositoryEntityController.postCollectionResource(org.springframework.data.rest.webmvc.RootResourceInformation,org.springframework.data.rest.webmvc.PersistentEntityResource,org.springframework.data.rest.webmvc.PersistentEntityResourceAssembler) throws org.springframework.web.HttpRequestMethodNotSupportedException
2017-08-01 15:51:45,916 31549 INFO  o.s.d.r.w.RepositoryRestHandlerMapping - Mapped "{[/{repository}],methods=[GET]}" onto public org.springframework.hateoas.Resources<?> org.springframework.data.rest.webmvc.RepositoryEntityController.getCollectionResource(org.springframework.data.rest.webmvc.RootResourceInformation,org.springframework.data.rest.webmvc.support.DefaultedPageable,org.springframework.data.domain.Sort,org.springframework.data.rest.webmvc.PersistentEntityResourceAssembler) throws org.springframework.data.rest.webmvc.ResourceNotFoundException,org.springframework.web.HttpRequestMethodNotSupportedException
2017-08-01 15:51:45,916 31549 INFO  o.s.d.r.w.RepositoryRestHandlerMapping - Mapped "{[/{repository}],methods=[OPTIONS]}" onto public org.springframework.http.ResponseEntity<?> org.springframework.data.rest.webmvc.RepositoryEntityController.optionsForCollectionResource(org.springframework.data.rest.webmvc.RootResourceInformation)
2017-08-01 15:51:45,918 31551 INFO  o.s.d.r.w.RepositoryRestHandlerMapping - Mapped "{[/{repository}],methods=[HEAD]}" onto public org.springframework.http.ResponseEntity<?> org.springframework.data.rest.webmvc.RepositoryEntityController.headCollectionResource(org.springframework.data.rest.webmvc.RootResourceInformation) throws org.springframework.web.HttpRequestMethodNotSupportedException
2017-08-01 15:51:45,919 31552 INFO  o.s.d.r.w.RepositoryRestHandlerMapping - Mapped "{[/{repository}/{id}],methods=[PATCH]}" onto public org.springframework.http.ResponseEntity<org.springframework.hateoas.ResourceSupport> org.springframework.data.rest.webmvc.RepositoryEntityController.patchItemResource(org.springframework.data.rest.webmvc.RootResourceInformation,org.springframework.data.rest.webmvc.PersistentEntityResource,java.io.Serializable,org.springframework.data.rest.webmvc.PersistentEntityResourceAssembler) throws org.springframework.web.HttpRequestMethodNotSupportedException,org.springframework.data.rest.webmvc.ResourceNotFoundException
2017-08-01 15:51:45,919 31552 INFO  o.s.d.r.w.RepositoryRestHandlerMapping - Mapped "{[/{repository}/{id}],methods=[HEAD]}" onto public org.springframework.http.ResponseEntity<?> org.springframework.data.rest.webmvc.RepositoryEntityController.headForItemResource(org.springframework.data.rest.webmvc.RootResourceInformation,java.io.Serializable) throws org.springframework.web.HttpRequestMethodNotSupportedException
2017-08-01 15:51:45,919 31552 INFO  o.s.d.r.w.RepositoryRestHandlerMapping - Mapped "{[/{repository}/{id}],methods=[DELETE]}" onto public org.springframework.http.ResponseEntity<?> org.springframework.data.rest.webmvc.RepositoryEntityController.deleteItemResource(org.springframework.data.rest.webmvc.RootResourceInformation,java.io.Serializable) throws org.springframework.data.rest.webmvc.ResourceNotFoundException,org.springframework.web.HttpRequestMethodNotSupportedException
2017-08-01 15:51:45,920 31553 INFO  o.s.d.r.w.RepositoryRestHandlerMapping - Mapped "{[/{repository}],methods=[GET],produces=[application/x-spring-data-compact+json || text/uri-list]}" onto public org.springframework.hateoas.Resources<?> org.springframework.data.rest.webmvc.RepositoryEntityController.getCollectionResourceCompact(org.springframework.data.rest.webmvc.RootResourceInformation,org.springframework.data.rest.webmvc.support.DefaultedPageable,org.springframework.data.domain.Sort,org.springframework.data.rest.webmvc.PersistentEntityResourceAssembler) throws org.springframework.data.rest.webmvc.ResourceNotFoundException,org.springframework.web.HttpRequestMethodNotSupportedException
2017-08-01 15:51:45,922 31555 INFO  o.s.d.r.w.RepositoryRestHandlerMapping - Mapped "{[/],methods=[GET]}" onto public org.springframework.http.HttpEntity<org.springframework.data.rest.webmvc.RepositoryLinksResource> org.springframework.data.rest.webmvc.RepositoryController.listRepositories()
2017-08-01 15:51:45,923 31556 INFO  o.s.d.r.w.RepositoryRestHandlerMapping - Mapped "{[/],methods=[OPTIONS]}" onto public org.springframework.http.HttpEntity<?> org.springframework.data.rest.webmvc.RepositoryController.optionsForRepositories()
2017-08-01 15:51:45,923 31556 INFO  o.s.d.r.w.RepositoryRestHandlerMapping - Mapped "{[/],methods=[HEAD]}" onto public org.springframework.http.ResponseEntity<?> org.springframework.data.rest.webmvc.RepositoryController.headForRepositories()
2017-08-01 15:51:45,925 31558 INFO  o.s.d.r.w.RepositoryRestHandlerMapping - Mapped "{[/{repository}/{id}/{property}/{propertyId}],methods=[GET]}" onto public org.springframework.http.ResponseEntity<org.springframework.hateoas.ResourceSupport> org.springframework.data.rest.webmvc.RepositoryPropertyReferenceController.followPropertyReference(org.springframework.data.rest.webmvc.RootResourceInformation,java.io.Serializable,java.lang.String,java.lang.String,org.springframework.data.rest.webmvc.PersistentEntityResourceAssembler) throws java.lang.Exception
2017-08-01 15:51:45,925 31558 INFO  o.s.d.r.w.RepositoryRestHandlerMapping - Mapped "{[/{repository}/{id}/{property}],methods=[GET]}" onto public org.springframework.http.ResponseEntity<org.springframework.hateoas.ResourceSupport> org.springframework.data.rest.webmvc.RepositoryPropertyReferenceController.followPropertyReference(org.springframework.data.rest.webmvc.RootResourceInformation,java.io.Serializable,java.lang.String,org.springframework.data.rest.webmvc.PersistentEntityResourceAssembler) throws java.lang.Exception
2017-08-01 15:51:45,926 31559 INFO  o.s.d.r.w.RepositoryRestHandlerMapping - Mapped "{[/{repository}/{id}/{property}],methods=[DELETE]}" onto public org.springframework.http.ResponseEntity<? extends org.springframework.hateoas.ResourceSupport> org.springframework.data.rest.webmvc.RepositoryPropertyReferenceController.deletePropertyReference(org.springframework.data.rest.webmvc.RootResourceInformation,java.io.Serializable,java.lang.String) throws java.lang.Exception
2017-08-01 15:51:45,927 31560 INFO  o.s.d.r.w.RepositoryRestHandlerMapping - Mapped "{[/{repository}/{id}/{property}],methods=[GET],produces=[application/x-spring-data-compact+json || text/uri-list]}" onto public org.springframework.http.ResponseEntity<org.springframework.hateoas.ResourceSupport> org.springframework.data.rest.webmvc.RepositoryPropertyReferenceController.followPropertyReferenceCompact(org.springframework.data.rest.webmvc.RootResourceInformation,java.io.Serializable,java.lang.String,org.springframework.data.rest.webmvc.PersistentEntityResourceAssembler) throws java.lang.Exception
2017-08-01 15:51:45,928 31561 INFO  o.s.d.r.w.RepositoryRestHandlerMapping - Mapped "{[/{repository}/{id}/{property}],methods=[PATCH || PUT],consumes=[application/json || application/x-spring-data-compact+json || text/uri-list]}" onto public org.springframework.http.ResponseEntity<? extends org.springframework.hateoas.ResourceSupport> org.springframework.data.rest.webmvc.RepositoryPropertyReferenceController.createPropertyReference(org.springframework.data.rest.webmvc.RootResourceInformation,org.springframework.http.HttpMethod,org.springframework.hateoas.Resources<java.lang.Object>,java.io.Serializable,java.lang.String) throws java.lang.Exception
2017-08-01 15:51:45,929 31562 INFO  o.s.d.r.w.RepositoryRestHandlerMapping - Mapped "{[/{repository}/{id}/{property}/{propertyId}],methods=[DELETE]}" onto public org.springframework.http.ResponseEntity<org.springframework.hateoas.ResourceSupport> org.springframework.data.rest.webmvc.RepositoryPropertyReferenceController.deletePropertyReferenceId(org.springframework.data.rest.webmvc.RootResourceInformation,java.io.Serializable,java.lang.String,java.lang.String) throws java.lang.Exception
2017-08-01 15:51:45,929 31562 INFO  o.s.d.r.w.RepositoryRestHandlerMapping - Mapped "{[/{repository}/schema],methods=[GET],produces=[application/schema+json]}" onto public org.springframework.http.HttpEntity<org.springframework.data.rest.webmvc.json.JsonSchema> org.springframework.data.rest.webmvc.RepositorySchemaController.schema(org.springframework.data.rest.webmvc.RootResourceInformation)
2017-08-01 15:51:45,931 31564 INFO  o.s.d.r.w.RepositoryRestHandlerMapping - Mapped "{[/{repository}/search],methods=[GET]}" onto public org.springframework.hateoas.ResourceSupport org.springframework.data.rest.webmvc.RepositorySearchController.listSearches(org.springframework.data.rest.webmvc.RootResourceInformation)
2017-08-01 15:51:45,931 31564 INFO  o.s.d.r.w.RepositoryRestHandlerMapping - Mapped "{[/{repository}/search],methods=[HEAD]}" onto public org.springframework.http.HttpEntity<?> org.springframework.data.rest.webmvc.RepositorySearchController.headForSearches(org.springframework.data.rest.webmvc.RootResourceInformation)
2017-08-01 15:51:45,931 31564 INFO  o.s.d.r.w.RepositoryRestHandlerMapping - Mapped "{[/{repository}/search/{search}],methods=[OPTIONS]}" onto public org.springframework.http.ResponseEntity<java.lang.Object> org.springframework.data.rest.webmvc.RepositorySearchController.optionsForSearch(org.springframework.data.rest.webmvc.RootResourceInformation,java.lang.String)
2017-08-01 15:51:45,932 31565 INFO  o.s.d.r.w.RepositoryRestHandlerMapping - Mapped "{[/{repository}/search/{search}],methods=[GET]}" onto public org.springframework.http.ResponseEntity<java.lang.Object> org.springframework.data.rest.webmvc.RepositorySearchController.executeSearch(org.springframework.data.rest.webmvc.RootResourceInformation,org.springframework.web.context.request.WebRequest,java.lang.String,org.springframework.data.rest.webmvc.support.DefaultedPageable,org.springframework.data.domain.Sort,org.springframework.data.rest.webmvc.PersistentEntityResourceAssembler)
2017-08-01 15:51:45,933 31566 INFO  o.s.d.r.w.RepositoryRestHandlerMapping - Mapped "{[/{repository}/search/{search}],methods=[HEAD]}" onto public org.springframework.http.ResponseEntity<java.lang.Object> org.springframework.data.rest.webmvc.RepositorySearchController.headForSearch(org.springframework.data.rest.webmvc.RootResourceInformation,java.lang.String)
2017-08-01 15:51:45,933 31566 INFO  o.s.d.r.w.RepositoryRestHandlerMapping - Mapped "{[/{repository}/search/{search}],methods=[GET],produces=[application/x-spring-data-compact+json]}" onto public org.springframework.hateoas.ResourceSupport org.springframework.data.rest.webmvc.RepositorySearchController.executeSearchCompact(org.springframework.data.rest.webmvc.RootResourceInformation,org.springframework.web.context.request.WebRequest,java.lang.String,java.lang.String,org.springframework.data.rest.webmvc.support.DefaultedPageable,org.springframework.data.domain.Sort,org.springframework.data.rest.webmvc.PersistentEntityResourceAssembler)
2017-08-01 15:51:45,933 31566 INFO  o.s.d.r.w.RepositoryRestHandlerMapping - Mapped "{[/{repository}/search],methods=[OPTIONS]}" onto public org.springframework.http.HttpEntity<?> org.springframework.data.rest.webmvc.RepositorySearchController.optionsForSearches(org.springframework.data.rest.webmvc.RootResourceInformation)
2017-08-01 15:51:45,947 31580 INFO  o.s.d.r.w.BaseUriAwareHandlerMapping - Mapped "{[/alps/{repository}],methods=[GET]}" onto org.springframework.http.HttpEntity<org.springframework.data.rest.webmvc.RootResourceInformation> org.springframework.data.rest.webmvc.alps.AlpsController.descriptor(org.springframework.data.rest.webmvc.RootResourceInformation)
2017-08-01 15:51:45,961 31594 INFO  o.s.d.r.w.BaseUriAwareHandlerMapping - Mapped "{[/alps],methods=[GET]}" onto org.springframework.http.HttpEntity<org.springframework.hateoas.alps.Alps> org.springframework.data.rest.webmvc.alps.AlpsController.alps()
2017-08-01 15:51:45,966 31599 INFO  o.s.d.r.w.BaseUriAwareHandlerMapping - Mapped "{[/alps || /alps/{repository}],methods=[OPTIONS]}" onto org.springframework.http.HttpEntity<?> org.springframework.data.rest.webmvc.alps.AlpsController.alpsOptions()
2017-08-01 15:51:46,020 31653 INFO  o.a.coyote.http11.Http11NioProtocol - Initializing ProtocolHandler ["http-nio-8880"]
2017-08-01 15:51:46,025 31658 INFO  o.a.coyote.http11.Http11NioProtocol - Starting ProtocolHandler ["http-nio-8880"]
2017-08-01 15:51:46,028 31661 INFO  o.a.tomcat.util.net.NioSelectorPool - Using a shared selector for servlet write/read
2017-08-01 15:51:46,063 31696 INFO  o.s.b.c.e.t.TomcatEmbeddedServletContainer - Tomcat started on port(s): 8880 (http)
2017-08-01 15:51:46,067 31700 INFO  c.o.d.h.api.BookControllerTest - Started BookControllerTest in 6.695 seconds (JVM running for 32.279)
Hibernate: select book0_.id as id1_1_, book0_.copies_available as copies_a2_1_, book0_.isbn as isbn3_1_, book0_.publisher_id as publishe5_1_, book0_.title as title4_1_ from book book0_
Hibernate: select publisher0_.id as id1_3_, publisher0_.name as name2_3_ from publisher publisher0_
Hibernate: select author0_.id as id1_0_, author0_.first_name as first_na2_0_, author0_.handle as handle3_0_, author0_.last_name as last_nam4_0_ from author author0_
Hibernate: delete from author where id=?
Hibernate: delete from author where id=?
Hibernate: delete from author where id=?
Hibernate: insert into publisher (name) values (?)
Hibernate: insert into publisher (name) values (?)
Hibernate: insert into author (first_name, handle, last_name) values (?, ?, ?)
Hibernate: insert into author (first_name, handle, last_name) values (?, ?, ?)
Hibernate: insert into author (first_name, handle, last_name) values (?, ?, ?)
Hibernate: insert into book (copies_available, isbn, publisher_id, title) values (?, ?, ?, ?)
Hibernate: insert into books_authors (book_id, author_id) values (?, ?)
Hibernate: insert into book (copies_available, isbn, publisher_id, title) values (?, ?, ?, ?)
Hibernate: insert into books_authors (book_id, author_id) values (?, ?)
Hibernate: insert into books_authors (book_id, author_id) values (?, ?)
Hibernate: insert into book (copies_available, isbn, publisher_id, title) values (?, ?, ?, ?)
Hibernate: insert into books_authors (book_id, author_id) values (?, ?)
2017-08-01 15:51:46,424 32057 INFO  o.a.c.c.C.[.[localhost].[/matrix] - Initializing Spring FrameworkServlet 'dispatcherServlet'
2017-08-01 15:51:46,424 32057 INFO  o.s.web.servlet.DispatcherServlet - FrameworkServlet 'dispatcherServlet': initialization started
2017-08-01 15:51:46,431 32064 INFO  o.s.web.servlet.DispatcherServlet - FrameworkServlet 'dispatcherServlet': initialization completed in 7 ms
2017-08-01 15:51:46,433 32066 INFO  o.s.b.a.a.listener.AuditListener - AuditEvent [timestamp=Tue Aug 01 15:51:46 CEST 2017, principal=anonymousUser, type=AUTHORIZATION_FAILURE, data={type=org.springframework.security.access.AccessDeniedException, message=Access is denied}]
]]></system-out>
  </testcase>
  <testcase name="canTraverseBookSelfLink" classname="com.opencredo.demo.hateoas.api.BookControllerTest" time="0.271"/>
  <testcase name="canPurchaseNewCopiesOfABook" classname="com.opencredo.demo.hateoas.api.BookControllerTest" time="0.421"/>
  <testcase name="canListAll" classname="com.opencredo.demo.hateoas.api.BookControllerTest" time="0.303">
    <error message="Unexpected exception, expected&lt;java.lang.Exception&gt; but was&lt;java.lang.AssertionError&gt;" type="java.lang.Exception"><![CDATA[java.lang.Exception: Unexpected exception, expected<java.lang.Exception> but was<java.lang.AssertionError>
	at sun.reflect.NativeConstructorAccessorImpl.newInstance0(Native Method)
	at sun.reflect.NativeConstructorAccessorImpl.newInstance(NativeConstructorAccessorImpl.java:62)
	at sun.reflect.DelegatingConstructorAccessorImpl.newInstance(DelegatingConstructorAccessorImpl.java:45)
	at java.lang.reflect.Constructor.newInstance(Constructor.java:422)
	at org.codehaus.groovy.reflection.CachedConstructor.invoke(CachedConstructor.java:80)
	at org.codehaus.groovy.reflection.CachedConstructor.doConstructorInvoke(CachedConstructor.java:74)
	at org.codehaus.groovy.runtime.callsite.ConstructorSite$ConstructorSiteNoUnwrap.callConstructor(ConstructorSite.java:84)
	at org.codehaus.groovy.runtime.callsite.AbstractCallSite.callConstructor(AbstractCallSite.java:247)
	at com.jayway.restassured.internal.ResponseSpecificationImpl$HamcrestAssertionClosure.validate(ResponseSpecificationImpl.groovy:573)
	at com.jayway.restassured.internal.ResponseSpecificationImpl$HamcrestAssertionClosure$validate$2.call(Unknown Source)
	at com.jayway.restassured.internal.ResponseSpecificationImpl.validateResponseIfRequired(ResponseSpecificationImpl.groovy:727)
	at sun.reflect.NativeMethodAccessorImpl.invoke0(Native Method)
	at sun.reflect.NativeMethodAccessorImpl.invoke(NativeMethodAccessorImpl.java:62)
	at sun.reflect.DelegatingMethodAccessorImpl.invoke(DelegatingMethodAccessorImpl.java:43)
	at java.lang.reflect.Method.invoke(Method.java:497)
	at org.codehaus.groovy.runtime.callsite.PogoMetaMethodSite$PogoCachedMethodSiteNoUnwrapNoCoerce.invoke(PogoMetaMethodSite.java:210)
	at org.codehaus.groovy.runtime.callsite.PogoMetaMethodSite.callCurrent(PogoMetaMethodSite.java:59)
	at org.codehaus.groovy.runtime.callsite.AbstractCallSite.callCurrent(AbstractCallSite.java:166)
	at com.jayway.restassured.internal.ResponseSpecificationImpl.statusCode(ResponseSpecificationImpl.groovy:106)
	at com.jayway.restassured.specification.ResponseSpecification$statusCode$0.callCurrent(Unknown Source)
	at com.jayway.restassured.internal.ResponseSpecificationImpl.statusCode(ResponseSpecificationImpl.groovy:114)
	at com.jayway.restassured.internal.ValidatableResponseOptionsImpl.statusCode(ValidatableResponseOptionsImpl.java:114)
	at com.opencredo.demo.hateoas.api.BookControllerTest.canListAll(BookControllerTest.java:61)
]]></error>
    <system-out><![CDATA[Hibernate: select book0_.id as id1_1_, book0_.copies_available as copies_a2_1_, book0_.isbn as isbn3_1_, book0_.publisher_id as publishe5_1_, book0_.title as title4_1_ from book book0_
Hibernate: select publisher0_.id as id1_3_0_, publisher0_.name as name2_3_0_ from publisher publisher0_ where publisher0_.id=?
Hibernate: select publisher0_.id as id1_3_0_, publisher0_.name as name2_3_0_ from publisher publisher0_ where publisher0_.id=?
Hibernate: select authors0_.book_id as book_id1_1_0_, authors0_.author_id as author_i2_2_0_, author1_.id as id1_0_1_, author1_.first_name as first_na2_0_1_, author1_.handle as handle3_0_1_, author1_.last_name as last_nam4_0_1_ from books_authors authors0_ inner join author author1_ on authors0_.author_id=author1_.id where authors0_.book_id=?
Hibernate: select authors0_.book_id as book_id1_1_0_, authors0_.author_id as author_i2_2_0_, author1_.id as id1_0_1_, author1_.first_name as first_na2_0_1_, author1_.handle as handle3_0_1_, author1_.last_name as last_nam4_0_1_ from books_authors authors0_ inner join author author1_ on authors0_.author_id=author1_.id where authors0_.book_id=?
Hibernate: select authors0_.book_id as book_id1_1_0_, authors0_.author_id as author_i2_2_0_, author1_.id as id1_0_1_, author1_.first_name as first_na2_0_1_, author1_.handle as handle3_0_1_, author1_.last_name as last_nam4_0_1_ from books_authors authors0_ inner join author author1_ on authors0_.author_id=author1_.id where authors0_.book_id=?
Hibernate: delete from books_authors where book_id=?
Hibernate: delete from books_authors where book_id=?
Hibernate: delete from books_authors where book_id=?
Hibernate: delete from book where id=?
Hibernate: delete from book where id=?
Hibernate: delete from book where id=?
Hibernate: select publisher0_.id as id1_3_, publisher0_.name as name2_3_ from publisher publisher0_
Hibernate: delete from publisher where id=?
Hibernate: delete from publisher where id=?
Hibernate: select author0_.id as id1_0_, author0_.first_name as first_na2_0_, author0_.handle as handle3_0_, author0_.last_name as last_nam4_0_ from author author0_
Hibernate: delete from author where id=?
Hibernate: delete from author where id=?
Hibernate: delete from author where id=?
Hibernate: insert into publisher (name) values (?)
Hibernate: insert into publisher (name) values (?)
Hibernate: insert into author (first_name, handle, last_name) values (?, ?, ?)
Hibernate: insert into author (first_name, handle, last_name) values (?, ?, ?)
Hibernate: insert into author (first_name, handle, last_name) values (?, ?, ?)
Hibernate: insert into book (copies_available, isbn, publisher_id, title) values (?, ?, ?, ?)
Hibernate: insert into books_authors (book_id, author_id) values (?, ?)
Hibernate: insert into book (copies_available, isbn, publisher_id, title) values (?, ?, ?, ?)
Hibernate: insert into books_authors (book_id, author_id) values (?, ?)
Hibernate: insert into books_authors (book_id, author_id) values (?, ?)
Hibernate: insert into book (copies_available, isbn, publisher_id, title) values (?, ?, ?, ?)
Hibernate: insert into books_authors (book_id, author_id) values (?, ?)
2017-08-01 15:51:47,516 33149 INFO  o.s.b.a.a.listener.AuditListener - AuditEvent [timestamp=Tue Aug 01 15:51:47 CEST 2017, principal=anonymousUser, type=AUTHORIZATION_FAILURE, data={type=org.springframework.security.access.AccessDeniedException, message=Access is denied}]
]]></system-out>
  </testcase>
  <testcase name="cannotBorrowWhenNoCopyAvailable" classname="com.opencredo.demo.hateoas.api.BookControllerTest" time="0.551"/>
  <testcase name="canTraverseBookPublisherLink" classname="com.opencredo.demo.hateoas.api.BookControllerTest" time="0.214">
    <error message="Unexpected exception, expected&lt;java.lang.AssertionError&gt; but was&lt;org.springframework.web.client.HttpClientErrorException&gt;" type="java.lang.Exception"><![CDATA[java.lang.Exception: Unexpected exception, expected<java.lang.AssertionError> but was<org.springframework.web.client.HttpClientErrorException>
	at org.springframework.web.client.DefaultResponseErrorHandler.handleError(DefaultResponseErrorHandler.java:91)
	at org.springframework.web.client.RestTemplate.handleResponse(RestTemplate.java:614)
	at org.springframework.web.client.RestTemplate.doExecute(RestTemplate.java:570)
	at org.springframework.web.client.RestTemplate.execute(RestTemplate.java:545)
	at org.springframework.web.client.RestTemplate.exchange(RestTemplate.java:466)
	at org.springframework.hateoas.client.Traverson$TraversalBuilder.getAndFindLinkWithRel(Traverson.java:315)
	at org.springframework.hateoas.client.Traverson$TraversalBuilder.traverseToFinalUrl(Traverson.java:302)
	at org.springframework.hateoas.client.Traverson$TraversalBuilder.toObject(Traverson.java:257)
	at com.opencredo.demo.hateoas.api.BookControllerTest.canTraverseBookPublisherLink(BookControllerTest.java:93)
]]></error>
    <system-out><![CDATA[Hibernate: select book0_.id as id1_1_, book0_.copies_available as copies_a2_1_, book0_.isbn as isbn3_1_, book0_.publisher_id as publishe5_1_, book0_.title as title4_1_ from book book0_
Hibernate: select publisher0_.id as id1_3_0_, publisher0_.name as name2_3_0_ from publisher publisher0_ where publisher0_.id=?
Hibernate: select publisher0_.id as id1_3_0_, publisher0_.name as name2_3_0_ from publisher publisher0_ where publisher0_.id=?
Hibernate: select authors0_.book_id as book_id1_1_0_, authors0_.author_id as author_i2_2_0_, author1_.id as id1_0_1_, author1_.first_name as first_na2_0_1_, author1_.handle as handle3_0_1_, author1_.last_name as last_nam4_0_1_ from books_authors authors0_ inner join author author1_ on authors0_.author_id=author1_.id where authors0_.book_id=?
Hibernate: select authors0_.book_id as book_id1_1_0_, authors0_.author_id as author_i2_2_0_, author1_.id as id1_0_1_, author1_.first_name as first_na2_0_1_, author1_.handle as handle3_0_1_, author1_.last_name as last_nam4_0_1_ from books_authors authors0_ inner join author author1_ on authors0_.author_id=author1_.id where authors0_.book_id=?
Hibernate: select authors0_.book_id as book_id1_1_0_, authors0_.author_id as author_i2_2_0_, author1_.id as id1_0_1_, author1_.first_name as first_na2_0_1_, author1_.handle as handle3_0_1_, author1_.last_name as last_nam4_0_1_ from books_authors authors0_ inner join author author1_ on authors0_.author_id=author1_.id where authors0_.book_id=?
Hibernate: delete from books_authors where book_id=?
Hibernate: delete from books_authors where book_id=?
Hibernate: delete from books_authors where book_id=?
Hibernate: delete from book where id=?
Hibernate: delete from book where id=?
Hibernate: delete from book where id=?
Hibernate: select publisher0_.id as id1_3_, publisher0_.name as name2_3_ from publisher publisher0_
Hibernate: delete from publisher where id=?
Hibernate: delete from publisher where id=?
Hibernate: select author0_.id as id1_0_, author0_.first_name as first_na2_0_, author0_.handle as handle3_0_, author0_.last_name as last_nam4_0_ from author author0_
Hibernate: delete from author where id=?
Hibernate: delete from author where id=?
Hibernate: delete from author where id=?
Hibernate: insert into publisher (name) values (?)
Hibernate: insert into publisher (name) values (?)
Hibernate: insert into author (first_name, handle, last_name) values (?, ?, ?)
Hibernate: insert into author (first_name, handle, last_name) values (?, ?, ?)
Hibernate: insert into author (first_name, handle, last_name) values (?, ?, ?)
Hibernate: insert into book (copies_available, isbn, publisher_id, title) values (?, ?, ?, ?)
Hibernate: insert into books_authors (book_id, author_id) values (?, ?)
Hibernate: insert into book (copies_available, isbn, publisher_id, title) values (?, ?, ?, ?)
Hibernate: insert into books_authors (book_id, author_id) values (?, ?)
Hibernate: insert into books_authors (book_id, author_id) values (?, ?)
Hibernate: insert into book (copies_available, isbn, publisher_id, title) values (?, ?, ?, ?)
Hibernate: insert into books_authors (book_id, author_id) values (?, ?)
2017-08-01 15:51:48,269 33902 INFO  o.s.b.a.a.listener.AuditListener - AuditEvent [timestamp=Tue Aug 01 15:51:48 CEST 2017, principal=anonymousUser, type=AUTHORIZATION_FAILURE, data={type=org.springframework.security.access.AccessDeniedException, message=Access is denied}]
]]></system-out>
  </testcase>
  <testcase name="canShowOneBook" classname="com.opencredo.demo.hateoas.api.BookControllerTest" time="0.165">
    <error message="Unexpected exception, expected&lt;java.lang.Exception&gt; but was&lt;java.lang.AssertionError&gt;" type="java.lang.Exception"><![CDATA[java.lang.Exception: Unexpected exception, expected<java.lang.Exception> but was<java.lang.AssertionError>
	at sun.reflect.NativeConstructorAccessorImpl.newInstance0(Native Method)
	at sun.reflect.NativeConstructorAccessorImpl.newInstance(NativeConstructorAccessorImpl.java:62)
	at sun.reflect.DelegatingConstructorAccessorImpl.newInstance(DelegatingConstructorAccessorImpl.java:45)
	at java.lang.reflect.Constructor.newInstance(Constructor.java:422)
	at org.codehaus.groovy.reflection.CachedConstructor.invoke(CachedConstructor.java:80)
	at org.codehaus.groovy.reflection.CachedConstructor.doConstructorInvoke(CachedConstructor.java:74)
	at org.codehaus.groovy.runtime.callsite.ConstructorSite$ConstructorSiteNoUnwrap.callConstructor(ConstructorSite.java:84)
	at org.codehaus.groovy.runtime.callsite.AbstractCallSite.callConstructor(AbstractCallSite.java:247)
	at com.jayway.restassured.internal.ResponseSpecificationImpl$HamcrestAssertionClosure.validate(ResponseSpecificationImpl.groovy:573)
	at com.jayway.restassured.internal.ResponseSpecificationImpl$HamcrestAssertionClosure$validate$2.call(Unknown Source)
	at com.jayway.restassured.internal.ResponseSpecificationImpl.validateResponseIfRequired(ResponseSpecificationImpl.groovy:727)
	at sun.reflect.NativeMethodAccessorImpl.invoke0(Native Method)
	at sun.reflect.NativeMethodAccessorImpl.invoke(NativeMethodAccessorImpl.java:62)
	at sun.reflect.DelegatingMethodAccessorImpl.invoke(DelegatingMethodAccessorImpl.java:43)
	at java.lang.reflect.Method.invoke(Method.java:497)
	at org.codehaus.groovy.runtime.callsite.PogoMetaMethodSite$PogoCachedMethodSiteNoUnwrapNoCoerce.invoke(PogoMetaMethodSite.java:210)
	at org.codehaus.groovy.runtime.callsite.PogoMetaMethodSite.callCurrent(PogoMetaMethodSite.java:59)
	at org.codehaus.groovy.runtime.callsite.AbstractCallSite.callCurrent(AbstractCallSite.java:166)
	at com.jayway.restassured.internal.ResponseSpecificationImpl.statusCode(ResponseSpecificationImpl.groovy:106)
	at com.jayway.restassured.specification.ResponseSpecification$statusCode$0.callCurrent(Unknown Source)
	at com.jayway.restassured.internal.ResponseSpecificationImpl.statusCode(ResponseSpecificationImpl.groovy:114)
	at com.jayway.restassured.internal.ValidatableResponseOptionsImpl.statusCode(ValidatableResponseOptionsImpl.java:114)
	at com.opencredo.demo.hateoas.api.BookControllerTest.canShowOneBook(BookControllerTest.java:69)
]]></error>
    <system-out><![CDATA[Hibernate: select book0_.id as id1_1_, book0_.copies_available as copies_a2_1_, book0_.isbn as isbn3_1_, book0_.publisher_id as publishe5_1_, book0_.title as title4_1_ from book book0_
Hibernate: select publisher0_.id as id1_3_0_, publisher0_.name as name2_3_0_ from publisher publisher0_ where publisher0_.id=?
Hibernate: select publisher0_.id as id1_3_0_, publisher0_.name as name2_3_0_ from publisher publisher0_ where publisher0_.id=?
Hibernate: select authors0_.book_id as book_id1_1_0_, authors0_.author_id as author_i2_2_0_, author1_.id as id1_0_1_, author1_.first_name as first_na2_0_1_, author1_.handle as handle3_0_1_, author1_.last_name as last_nam4_0_1_ from books_authors authors0_ inner join author author1_ on authors0_.author_id=author1_.id where authors0_.book_id=?
Hibernate: select authors0_.book_id as book_id1_1_0_, authors0_.author_id as author_i2_2_0_, author1_.id as id1_0_1_, author1_.first_name as first_na2_0_1_, author1_.handle as handle3_0_1_, author1_.last_name as last_nam4_0_1_ from books_authors authors0_ inner join author author1_ on authors0_.author_id=author1_.id where authors0_.book_id=?
Hibernate: select authors0_.book_id as book_id1_1_0_, authors0_.author_id as author_i2_2_0_, author1_.id as id1_0_1_, author1_.first_name as first_na2_0_1_, author1_.handle as handle3_0_1_, author1_.last_name as last_nam4_0_1_ from books_authors authors0_ inner join author author1_ on authors0_.author_id=author1_.id where authors0_.book_id=?
Hibernate: delete from books_authors where book_id=?
Hibernate: delete from books_authors where book_id=?
Hibernate: delete from books_authors where book_id=?
Hibernate: delete from book where id=?
Hibernate: delete from book where id=?
Hibernate: delete from book where id=?
Hibernate: select publisher0_.id as id1_3_, publisher0_.name as name2_3_ from publisher publisher0_
Hibernate: delete from publisher where id=?
Hibernate: delete from publisher where id=?
Hibernate: select author0_.id as id1_0_, author0_.first_name as first_na2_0_, author0_.handle as handle3_0_, author0_.last_name as last_nam4_0_ from author author0_
Hibernate: delete from author where id=?
Hibernate: delete from author where id=?
Hibernate: delete from author where id=?
Hibernate: insert into publisher (name) values (?)
Hibernate: insert into publisher (name) values (?)
Hibernate: insert into author (first_name, handle, last_name) values (?, ?, ?)
Hibernate: insert into author (first_name, handle, last_name) values (?, ?, ?)
Hibernate: insert into author (first_name, handle, last_name) values (?, ?, ?)
Hibernate: insert into book (copies_available, isbn, publisher_id, title) values (?, ?, ?, ?)
Hibernate: insert into books_authors (book_id, author_id) values (?, ?)
Hibernate: insert into book (copies_available, isbn, publisher_id, title) values (?, ?, ?, ?)
Hibernate: insert into books_authors (book_id, author_id) values (?, ?)
Hibernate: insert into books_authors (book_id, author_id) values (?, ?)
Hibernate: insert into book (copies_available, isbn, publisher_id, title) values (?, ?, ?, ?)
Hibernate: insert into books_authors (book_id, author_id) values (?, ?)
2017-08-01 15:51:48,451 34084 INFO  o.s.b.a.a.listener.AuditListener - AuditEvent [timestamp=Tue Aug 01 15:51:48 CEST 2017, principal=anonymousUser, type=AUTHORIZATION_FAILURE, data={type=org.springframework.security.access.AccessDeniedException, message=Access is denied}]
]]></system-out>
  </testcase>
  <testcase name="canBorrowACopy" classname="com.opencredo.demo.hateoas.api.BookControllerTest" time="0.184"/>
  <testcase name="canAddABookToCollection" classname="com.opencredo.demo.hateoas.api.BookControllerTest" time="0.171"/>
</testsuite>